<?xml version="1.0" encoding="UTF-8"?>
<!-- Generated by org.testng.reporters.JUnitXMLReporter -->
<testsuite ignored="1" hostname="DESKTOP-BKCA13N" failures="0" tests="4" name="Default test" time="55.496" errors="0" timestamp="2025-03-13T19:32:39 IST">
  <testcase classname="com.ecommerceTesting.tests.LoginTest" name="testValidLogin" time="12.027"/>
  <testcase classname="com.ecommerceTesting.tests.LoginTest" name="testValidLogin" time="6.6"/>
  <testcase classname="com.ecommerceTesting.tests.LoginTest" name="testInvalidLogin" time="6.073"/>
  <testcase classname="com.ecommerceTesting.tests.LoginTest" name="logOutUser" time="9.494"/>
  <testcase classname="com.ecommerceTesting.tests.LoginTest" name="testDeleteUser" time="0.0">
    <ignored/>
  </testcase> <!-- testDeleteUser -->
</testsuite> <!-- Default test -->
