<?xml version="1.0" encoding="UTF-8"?>
<!-- Generated by org.testng.reporters.JUnitXMLReporter -->
<testsuite ignored="1" hostname="DESKTOP-BKCA13N" failures="0" tests="1" name="CartTest" time="9.416" errors="0" timestamp="2025-03-11T11:28:57 IST">
  <testcase classname="ecommercetesting.tests.CartTest" name="verifyCart" time="5.789"/>
  <testcase classname="ecommercetesting.tests.CartTest" name="testAddToCart" time="0.0">
    <ignored/>
  </testcase> <!-- testAddToCart -->
</testsuite> <!-- CartTest -->
