<?xml version="1.0" encoding="UTF-8"?>
<!-- Generated by org.testng.reporters.JUnitXMLReporter -->
<testsuite ignored="0" hostname="DESKTOP-BKCA13N" failures="0" tests="2" name="LandingPageTest" time="24.62" errors="0" timestamp="2025-03-13T12:59:00 IST">
  <testcase classname="com.ecommerceTesting.tests.LandingPageTest" name="testHomePageVisible" time="1.548"/>
  <testcase classname="com.ecommerceTesting.tests.LandingPageTest" name="testSubscription" time="1.66"/>
</testsuite> <!-- LandingPageTest -->
