<?xml version="1.0" encoding="UTF-8"?>
<!-- Generated by org.testng.reporters.JUnitXMLReporter -->
<testsuite ignored="0" hostname="DESKTOP-BKCA13N" failures="0" tests="2" name="LandingPageTest" time="22.79" errors="0" timestamp="2025-03-13T12:14:20 IST">
  <testcase classname="com.ecommerceTesting.tests.LandingPageTest" name="testHomePageVisible" time="0.313"/>
  <testcase classname="com.ecommerceTesting.tests.LandingPageTest" name="testSubscription" time="1.797"/>
</testsuite> <!-- LandingPageTest -->
