<?xml version="1.0" encoding="UTF-8"?>
<!-- Generated by org.testng.reporters.JUnitXMLReporter -->
<testsuite ignored="1" hostname="DESKTOP-BKCA13N" failures="0" tests="4" name="LoginTest" time="42.254" errors="0" timestamp="2025-03-11T11:28:07 IST">
  <testcase classname="ecommercetesting.tests.LoginTest" name="testValidLogin" time="5.991"/>
  <testcase classname="ecommercetesting.tests.LoginTest" name="testValidLogin" time="5.561"/>
  <testcase classname="ecommercetesting.tests.LoginTest" name="testInvalidLogin" time="5.152"/>
  <testcase classname="ecommercetesting.tests.LoginTest" name="logOutUser" time="9.074"/>
  <testcase classname="ecommercetesting.tests.LoginTest" name="testDeleteUser" time="0.0">
    <ignored/>
  </testcase> <!-- testDeleteUser -->
</testsuite> <!-- LoginTest -->
