<?xml version="1.0" encoding="UTF-8"?>
<!-- Generated by org.testng.reporters.JUnitXMLReporter -->
<testsuite ignored="1" hostname="DESKTOP-BKCA13N" failures="0" tests="4" name="LoginTest" time="78.777" errors="0" timestamp="2025-03-13T12:59:51 IST">
  <testcase classname="com.ecommerceTesting.tests.LoginTest" name="testValidLogin" time="10.212"/>
  <testcase classname="com.ecommerceTesting.tests.LoginTest" name="testValidLogin" time="17.034"/>
  <testcase classname="com.ecommerceTesting.tests.LoginTest" name="testInvalidLogin" time="7.475"/>
  <testcase classname="com.ecommerceTesting.tests.LoginTest" name="logOutUser" time="8.954"/>
  <testcase classname="com.ecommerceTesting.tests.LoginTest" name="testDeleteUser" time="0.0">
    <ignored/>
  </testcase> <!-- testDeleteUser -->
</testsuite> <!-- LoginTest -->
