<?xml version="1.0" encoding="UTF-8"?>
<!-- Generated by org.testng.reporters.JUnitXMLReporter -->
<testsuite ignored="0" hostname="DESKTOP-BKCA13N" failures="0" tests="2" name="ProductTest" time="38.611" errors="0" timestamp="2025-03-13T12:14:34 IST">
  <testcase classname="com.ecommerceTesting.tests.ProductTest" name="verifyProductDetails" time="14.392"/>
  <testcase classname="com.ecommerceTesting.tests.ProductTest" name="verifySearchedProduct" time="5.553"/>
</testsuite> <!-- ProductTest -->
