<?xml version="1.0" encoding="UTF-8"?>
<!-- Generated by org.testng.reporters.JUnitXMLReporter -->
<testsuite ignored="0" hostname="DESKTOP-BKCA13N" failures="0" tests="2" name="ProductTest" time="50.822" errors="0" timestamp="2025-03-13T12:59:23 IST">
  <testcase classname="com.ecommerceTesting.tests.ProductTest" name="verifyProductDetails" time="14.946"/>
  <testcase classname="com.ecommerceTesting.tests.ProductTest" name="verifySearchedProduct" time="15.299"/>
</testsuite> <!-- ProductTest -->
