<?xml version="1.0" encoding="UTF-8"?>
<!-- Generated by org.testng.reporters.JUnitXMLReporter -->
<testsuite ignored="0" hostname="DESKTOP-BKCA13N" failures="0" tests="3" name="SignUpTest" time="67.175" errors="0" timestamp="2025-03-13T12:59:40 IST">
  <testcase classname="com.ecommerceTesting.tests.SignupTest" name="AccountCreationTest" time="26.579"/>
  <testcase classname="com.ecommerceTesting.tests.SignupTest" name="testSignupWithExistingEmail" time="9.848"/>
  <testcase classname="com.ecommerceTesting.tests.SignupTest" name="verifyHomePage" time="2.492"/>
</testsuite> <!-- SignUpTest -->
