<?xml version="1.0" encoding="UTF-8"?>
<!-- Generated by org.testng.reporters.JUnitXMLReporter -->
<testsuite ignored="0" hostname="DESKTOP-BKCA13N" failures="0" tests="3" name="SignUpTest" time="63.931" errors="0" timestamp="2025-03-13T12:14:59 IST">
  <testcase classname="com.ecommerceTesting.tests.SignupTest" name="AccountCreationTest" time="36.167"/>
  <testcase classname="com.ecommerceTesting.tests.SignupTest" name="testSignupWithExistingEmail" time="5.837"/>
  <testcase classname="com.ecommerceTesting.tests.SignupTest" name="verifyHomePage" time="0.035"/>
</testsuite> <!-- SignUpTest -->
